app/src/main/lib/sweetblue/samples/hello_ble/android_studio/app/build/intermediates/proguard-rules/release/aapt_rules.txt
# view AndroidManifest.xml #generated:26
-keep class com.idevicesinc.sweetblue.hello_ble.MyActivity { <init>(...); }