app/src/main/lib/sweetblue/samples/hello_ble/android_studio/app/build/outputs/mapping/release/mapping.txt
com.idevicesinc.sweetblue.hello_ble.MyActivity -> com.idevicesinc.sweetblue.hello_ble.MyActivity:
    com.idevicesinc.sweetblue.BleManager m_bleManager -> a
    void <init>() -> <init>
    void onCreate(android.os.Bundle) -> onCreate
    void onResume() -> onResume
    void onPause() -> onPause
    com.idevicesinc.sweetblue.BleManager access$000(com.idevicesinc.sweetblue.hello_ble.MyActivity) -> a
com.idevicesinc.sweetblue.hello_ble.MyActivity$1 -> com.idevicesinc.sweetblue.hello_ble.MyActivity$1:
    com.idevicesinc.sweetblue.hello_ble.MyActivity this$0 -> a
    void <init>(com.idevicesinc.sweetblue.hello_ble.MyActivity) -> <init>
    void onEvent(com.idevicesinc.sweetblue.BleManager$DiscoveryListener$DiscoveryEvent) -> a
    void onEvent(com.idevicesinc.sweetblue.utils.Event) -> a
com.idevicesinc.sweetblue.hello_ble.MyActivity$1$1 -> com.idevicesinc.sweetblue.hello_ble.MyActivity$1$1:
    com.idevicesinc.sweetblue.hello_ble.MyActivity$1 this$1 -> a
    void <init>(com.idevicesinc.sweetblue.hello_ble.MyActivity$1) -> <init>
    void onEvent(com.idevicesinc.sweetblue.BleDevice$StateListener$StateEvent) -> a
com.idevicesinc.sweetblue.hello_ble.MyActivity$1$1$1 -> com.idevicesinc.sweetblue.hello_ble.MyActivity$1$1$1:
    com.idevicesinc.sweetblue.hello_ble.MyActivity$1$1 this$2 -> a
    void <init>(com.idevicesinc.sweetblue.hello_ble.MyActivity$1$1) -> <init>
    void onEvent(com.idevicesinc.sweetblue.BleDevice$ReadWriteListener$ReadWriteEvent) -> a
    void onEvent(com.idevicesinc.sweetblue.utils.Event) -> a
...
com.idevicesinc.sweetblue.PE_TaskState -> com.idevicesinc.sweetblue.ak:
    com.idevicesinc.sweetblue.PE_TaskState CREATED -> a
    com.idevicesinc.sweetblue.PE_TaskState QUEUED -> b
    com.idevicesinc.sweetblue.PE_TaskState ARMED -> c
    com.idevicesinc.sweetblue.PE_TaskState EXECUTING -> d
    com.idevicesinc.sweetblue.PE_TaskState SUCCEEDED -> e
    com.idevicesinc.sweetblue.PE_TaskState TIMED_OUT -> f
    com.idevicesinc.sweetblue.PE_TaskState INTERRUPTED -> g
    com.idevicesinc.sweetblue.PE_TaskState CANCELLED -> h
    com.idevicesinc.sweetblue.PE_TaskState SOFTLY_CANCELLED -> i
    com.idevicesinc.sweetblue.PE_TaskState FAILED -> j
    com.idevicesinc.sweetblue.PE_TaskState CLEARED_FROM_QUEUE -> k
    com.idevicesinc.sweetblue.PE_TaskState REDUNDANT -> l
    com.idevicesinc.sweetblue.PE_TaskState FAILED_IMMEDIATELY -> m
    com.idevicesinc.sweetblue.PE_TaskState[] $VALUES -> n
    com.idevicesinc.sweetblue.PE_TaskState[] values() -> values
    com.idevicesinc.sweetblue.PE_TaskState valueOf(java.lang.String) -> valueOf
    void <init>(java.lang.String,int) -> <init>
    boolean isEndingState() -> a
    boolean canGoToNextTaskImmediately() -> b
    void <clinit>() -> <clinit>
com.idevicesinc.sweetblue.PI_EndListener -> com.idevicesinc.sweetblue.al:
    void onTransactionEnd(com.idevicesinc.sweetblue.BleTransaction,com.idevicesinc.sweetblue.BleTransaction$EndReason,com.idevicesinc.sweetblue.BleDevice$ReadWriteListener$ReadWriteEvent) -> a
com.idevicesinc.sweetblue.PI_UpdateLoop -> com.idevicesinc.sweetblue.am:
com.idevicesinc.sweetblue.PI_UpdateLoop$Callback -> com.idevicesinc.sweetblue.am$a:
    void onUpdate(double) -> a
com.idevicesinc.sweetblue.PU_HistoricalData -> com.idevicesinc.sweetblue.an:
    com.idevicesinc.sweetblue.BleNodeConfig$HistoricalDataLogFilter$Please DO_NOT_LOG -> a
    com.idevicesinc.sweetblue.backend.historical.Backend_HistoricalDataList newList(com.idevicesinc.sweetblue.backend.historical.Backend_HistoricalDatabase,com.idevicesinc.sweetblue.utils.UpdateLoop,java.lang.String,java.util.UUID,java.lang.String,boolean) -> a
    com.idevicesinc.sweetblue.backend.historical.Backend_HistoricalDatabase newDatabase(android.content.Context,com.idevicesinc.sweetblue.BleManager) -> a
    com.idevicesinc.sweetblue.BleNodeConfig$HistoricalDataLogFilter getFilter(com.idevicesinc.sweetblue.BleNode) -> a
    com.idevicesinc.sweetblue.BleNodeConfig$HistoricalDataLogFilter$HistoricalDataLogEvent newEvent(com.idevicesinc.sweetblue.BleNode,java.lang.String,java.util.UUID,byte[],com.idevicesinc.sweetblue.utils.EpochTime,com.idevicesinc.sweetblue.BleNodeConfig$HistoricalDataLogFilter$Source) -> a
    com.idevicesinc.sweetblue.BleNodeConfig$HistoricalDataLogFilter$Please getPlease(com.idevicesinc.sweetblue.BleNode,java.lang.String,java.util.UUID,byte[],com.idevicesinc.sweetblue.utils.EpochTime,com.idevicesinc.sweetblue.BleNodeConfig$HistoricalDataLogFilter$Source) -> b
    byte[] getAmendedData(byte[],com.idevicesinc.sweetblue.BleNodeConfig$HistoricalDataLogFilter$Please) -> a
com.idevicesinc.sweetblue.PU_TaskQueue -> com.idevicesinc.sweetblue.ao:
    int findSoonestSpot(java.util.List,com.idevicesinc.sweetblue.PA_Task) -> a
    boolean isMatch(com.idevicesinc.sweetblue.PA_Task,java.lang.Class,com.idevicesinc.sweetblue.BleManager,com.idevicesinc.sweetblue.BleDevice,com.idevicesinc.sweetblue.BleServer) -> a