app/src/main/lib/sweetblue/samples/hello_ble/android_studio/app/build/outputs/mapping/release/usage.txt
com.idevicesinc.sweetblue.hello_ble.BuildConfig
com.idevicesinc.sweetblue.hello_ble.R
com.idevicesinc.sweetblue.hello_ble.R$attr
com.idevicesinc.sweetblue.hello_ble.R$dimen
com.idevicesinc.sweetblue.hello_ble.R$drawable
com.idevicesinc.sweetblue.hello_ble.R$id
com.idevicesinc.sweetblue.hello_ble.R$menu
com.idevicesinc.sweetblue.hello_ble.R$string
com.idevicesinc.sweetblue.hello_ble.R$style
...
com.idevicesinc.sweetblue.P_Task_Write:
    public static final int MTU_LIMIT
    20:30:public P_Task_Write(com.idevicesinc.sweetblue.BleDevice,android.bluetooth.BluetoothGattCharacteristic,com.idevicesinc.sweetblue.utils.FutureData,boolean,com.idevicesinc.sweetblue.BleDevice$ReadWriteListener,com.idevicesinc.sweetblue.BleTransaction,com.idevicesinc.sweetblue.PE_TaskPriority)
    20:37:public P_Task_Write(com.idevicesinc.sweetblue.BleDevice,java.util.UUID,java.util.UUID,com.idevicesinc.sweetblue.DescriptorFilter,com.idevicesinc.sweetblue.utils.FutureData,boolean,com.idevicesinc.sweetblue.BleDevice$ReadWriteListener,com.idevicesinc.sweetblue.BleTransaction,com.idevicesinc.sweetblue.PE_TaskPriority)
com.idevicesinc.sweetblue.P_Task_WriteDescriptor:
    22:30:public P_Task_WriteDescriptor(com.idevicesinc.sweetblue.BleDevice,android.bluetooth.BluetoothGattDescriptor,com.idevicesinc.sweetblue.utils.FutureData,boolean,com.idevicesinc.sweetblue.BleDevice$ReadWriteListener,com.idevicesinc.sweetblue.BleTransaction,com.idevicesinc.sweetblue.PE_TaskPriority)
com.idevicesinc.sweetblue.P_TransactionManager:
    298:304:void startOta(com.idevicesinc.sweetblue.BleTransaction$Ota)
    308:312:void performAnonTransaction(com.idevicesinc.sweetblue.BleTransaction)
com.idevicesinc.sweetblue.P_UhOhThrottler:
    31:32:public synchronized void setListener(com.idevicesinc.sweetblue.BleManager$UhOhListener)
com.idevicesinc.sweetblue.P_WakeLockManager:
    private static final java.lang.String WAKE_LOCK_TAG
com.idevicesinc.sweetblue.P_WrappingResetListener
com.idevicesinc.sweetblue.P_WrappingResetListener$1
com.idevicesinc.sweetblue.R
com.idevicesinc.sweetblue.R$attr
com.idevicesinc.sweetblue.R$string
com.idevicesinc.sweetblue.ScanOptions:
    38:41:public final com.idevicesinc.sweetblue.ScanOptions scanPeriodically(com.idevicesinc.sweetblue.utils.Interval,com.idevicesinc.sweetblue.utils.Interval)
    70:71:public final com.idevicesinc.sweetblue.ScanOptions asHighPriority(boolean)
com.idevicesinc.sweetblue.WriteBuilder
com.idevicesinc.sweetblue.annotations.Advanced
com.idevicesinc.sweetblue.annotations.Alpha
com.idevicesinc.sweetblue.annotations.Extendable
com.idevicesinc.sweetblue.annotations.Immutable
com.idevicesinc.sweetblue.annotations.Lambda
com.idevicesinc.sweetblue.annotations.Nullable
com.idevicesinc.sweetblue.annotations.Nullable$Prevalence
com.idevicesinc.sweetblue.annotations.UnitTest
com.idevicesinc.sweetblue.backend.Backend_Modules:
    11:11:public Backend_Modules()
com.idevicesinc.sweetblue.backend.historical.Backend_HistoricalDataList:
    public static final int LOAD_STATE__NOT_LOADED
    public static final int LOAD_STATE__LOADING
    public static final int LOAD_STATE__LOADED
    public abstract void add_multiple(java.util.Iterator,int,long)
    public abstract void add_multiple(com.idevicesinc.sweetblue.utils.ForEach_Returning,int,long)
    public abstract com.idevicesinc.sweetblue.utils.HistoricalData get(com.idevicesinc.sweetblue.utils.EpochTimeRange,int)
    public abstract java.util.Iterator getIterator(com.idevicesinc.sweetblue.utils.EpochTimeRange)
    public abstract boolean doForEach(com.idevicesinc.sweetblue.utils.EpochTimeRange,java.lang.Object)
    public abstract void delete_fromMemoryOnly(com.idevicesinc.sweetblue.utils.EpochTimeRange,long)
    public abstract void delete_fromMemoryOnlyForNowButDatabaseSoon(com.idevicesinc.sweetblue.utils.EpochTimeRange,long)
    public abstract java.lang.String getMacAddress()
    public abstract void load(com.idevicesinc.sweetblue.backend.historical.Backend_HistoricalDataList$AsyncLoadCallback)
    public abstract int getLoadState()
    public abstract com.idevicesinc.sweetblue.utils.HistoricalDataCursor getCursor(com.idevicesinc.sweetblue.utils.EpochTimeRange)
    public abstract com.idevicesinc.sweetblue.utils.EpochTimeRange getRange()
com.idevicesinc.sweetblue.backend.historical.Backend_HistoricalDataList$AsyncLoadCallback